
CH32V003F4P6.elf:     file format elf32-littleriscv
CH32V003F4P6.elf
architecture: riscv:rv32, flags 0x00000112:
EXEC_P, HAS_SYMS, D_PAGED
start address 0x00000000

Program Header:
    LOAD off    0x00001000 vaddr 0x00000000 paddr 0x00000000 align 2**12
         filesz 0x00000f94 memsz 0x00000f94 flags r-x
    LOAD off    0x00002000 vaddr 0x20000000 paddr 0x00000f94 align 2**12
         filesz 0x000000a8 memsz 0x000000bc flags rw-
    LOAD off    0x00002700 vaddr 0x20000700 paddr 0x20000700 align 2**12
         filesz 0x00000000 memsz 0x00000100 flags rw-

Sections:
Idx Name          Size      VMA       LMA       File off  Algn
  0 .init         000000a0  00000000  00000000  00001000  2**2
                  CONTENTS, ALLOC, LOAD, READONLY, CODE
  1 .highcodelalign 00000000  000000a0  000000a0  000020a8  2**0
                  CONTENTS
  2 .highcode     00000000  20000000  20000000  000020a8  2**0
                  CONTENTS
  3 .text         00000ef4  000000a0  000000a0  000010a0  2**2
                  CONTENTS, ALLOC, LOAD, READONLY, CODE
  4 .fini         00000000  00000f94  00000f94  000020a8  2**0
                  CONTENTS, ALLOC, LOAD, CODE
  5 .dalign       00000000  20000000  20000000  000020a8  2**0
                  CONTENTS
  6 .dlalign      00000000  00000f94  00000f94  000020a8  2**0
                  CONTENTS
  7 .data         000000a8  20000000  00000f94  00002000  2**2
                  CONTENTS, ALLOC, LOAD, DATA
  8 .bss          00000014  200000a8  0000103c  000020a8  2**2
                  ALLOC
  9 .stack        00000100  20000700  20000700  00002700  2**0
                  ALLOC
 10 .debug_info   00009423  00000000  00000000  000020a8  2**0
                  CONTENTS, READONLY, DEBUGGING
 11 .debug_abbrev 00001e15  00000000  00000000  0000b4cb  2**0
                  CONTENTS, READONLY, DEBUGGING
 12 .debug_aranges 00000450  00000000  00000000  0000d2e0  2**3
                  CONTENTS, READONLY, DEBUGGING
 13 .debug_ranges 00000480  00000000  00000000  0000d730  2**3
                  CONTENTS, READONLY, DEBUGGING
 14 .debug_line   0000579b  00000000  00000000  0000dbb0  2**0
                  CONTENTS, READONLY, DEBUGGING
 15 .debug_str    00001721  00000000  00000000  0001334b  2**0
                  CONTENTS, READONLY, DEBUGGING
 16 .comment      00000033  00000000  00000000  00014a6c  2**0
                  CONTENTS, READONLY
 17 .debug_frame  00000a00  00000000  00000000  00014aa0  2**2
                  CONTENTS, READONLY, DEBUGGING
 18 .debug_loc    0000193b  00000000  00000000  000154a0  2**0
                  CONTENTS, READONLY, DEBUGGING
SYMBOL TABLE:
00000000 l    d  .init	00000000 .init
000000a0 l    d  .highcodelalign	00000000 .highcodelalign
20000000 l    d  .highcode	00000000 .highcode
000000a0 l    d  .text	00000000 .text
00000f94 l    d  .fini	00000000 .fini
20000000 l    d  .dalign	00000000 .dalign
00000f94 l    d  .dlalign	00000000 .dlalign
20000000 l    d  .data	00000000 .data
200000a8 l    d  .bss	00000000 .bss
20000700 l    d  .stack	00000000 .stack
00000000 l    d  .debug_info	00000000 .debug_info
00000000 l    d  .debug_abbrev	00000000 .debug_abbrev
00000000 l    d  .debug_aranges	00000000 .debug_aranges
00000000 l    d  .debug_ranges	00000000 .debug_ranges
00000000 l    d  .debug_line	00000000 .debug_line
00000000 l    d  .debug_str	00000000 .debug_str
00000000 l    d  .comment	00000000 .comment
00000000 l    d  .debug_frame	00000000 .debug_frame
00000000 l    d  .debug_loc	00000000 .debug_loc
00000000 l    df *ABS*	00000000 ch32v00x_it.c
00000000 l    df *ABS*	00000000 ic.c
00000000 l    df *ABS*	00000000 main.c
00000000 l    df *ABS*	00000000 system_ch32v00x.c
00000000 l    df *ABS*	00000000 ch32v00x_dbgmcu.c
00000000 l    df *ABS*	00000000 ch32v00x_gpio.c
00000000 l    df *ABS*	00000000 ch32v00x_misc.c
00000000 l    df *ABS*	00000000 ch32v00x_rcc.c
20000014 l     O .data	00000014 ADCPrescTable
20000028 l     O .data	00000010 APBAHBPrescTable
00000000 l    df *ABS*	00000000 ch32v00x_usart.c
00000000 l    df *ABS*	00000000 debug.c
20000038 l     O .data	00000004 curbrk.4091
00000000 l    df *ABS*	00000000 wchprintf.c
00000000 l    df *ABS*	00000000 malloc.c
00000000 l    df *ABS*	00000000 nano-mallocr.c
00000000 l    df *ABS*	00000000 sbrkr.c
00000000 l    df *ABS*	00000000 mlock.c
00000000 l    df *ABS*	00000000 impure.c
2000003c l     O .data	00000060 impure_data
00000000 l    df *ABS*	00000000 reent.c
00000ac2  w    F .text	00000004 printDouble
00000e3a g     F .text	00000018 putchar
00000ac6  w    F .text	00000352 print
00000e18  w    F .text	00000022 printf
200008a0 g       .data	00000000 __global_pointer$
000004d2  w      .text	00000000 TIM1_CC_IRQHandler
0000014c g     F .text	00000010 HardFault_Handler
000009b0  w    F .text	0000010e printInt
00000f60 g     F .text	00000002 __malloc_unlock
0000015c g     F .text	00000020 SysTick_Handler
000004d2  w      .text	00000000 PVD_IRQHandler
0000014a g     F .text	00000002 NMI_Handler
0000057c g     F .text	0000000a DBGMCU_GetCHIPID
000007b2 g     F .text	0000000a USART_GetFlagStatus
200000b8 g     O .bss	00000004 errno
200000a8 g       .bss	00000000 _sbss
00000100 g       *ABS*	00000000 __stack_size
000007bc g     F .text	00000054 USART_Printf_Init
000000aa g     F .text	0000000a .hidden __riscv_restore_2
00000abe  w    F .text	00000004 printLongLongInt
20000010 g     O .data	00000004 SystemCoreClock
00000e52 g     F .text	0000000e malloc
000000d4 g     F .text	0000002c .hidden __udivsi3
000000a0 g       .init	00000000 _einit
00000216 g     F .text	00000058 IC_softsleep_ms
000006b6 g     F .text	0000001e RCC_APB2PeriphClockCmd
00000586 g     F .text	0000007c GPIO_Init
200000b4 g     O .bss	00000004 NVIC_Priority_Group
000004d2  w      .text	00000000 SPI1_IRQHandler
00000794 g     F .text	00000016 USART_Cmd
00000f34 g     F .text	0000002a _sbrk_r
000000a0 g     F .text	0000000a .hidden __riscv_save_1
000000aa g     F .text	0000000a .hidden __riscv_restore_0
000004d2  w      .text	00000000 AWU_IRQHandler
000004d2  w      .text	00000000 EXTI7_0_IRQHandler
20000700 g       .stack	00000000 _heap_end
000004d2  w      .text	00000000 DMA1_Channel4_IRQHandler
000004d2  w      .text	00000000 ADC1_IRQHandler
0000085c g     F .text	00000026 _sbrk
200000b0 g     O .bss	00000004 i_see
000001ac g     F .text	0000006a IC_init
200000bc g       .bss	00000000 _ebss
000004d2  w      .text	00000000 DMA1_Channel7_IRQHandler
00000100 g     F .text	00000008 .hidden __umodsi3
000004d2  w      .text	00000000 I2C1_EV_IRQHandler
0000061a g     F .text	0000009c RCC_GetClocksFreq
000004d2  w      .text	00000000 DMA1_Channel6_IRQHandler
000006d4 g     F .text	000000c0 USART_Init
000004d2  w      .text	00000000 RCC_IRQHandler
000004d2  w      .text	00000000 TIM1_TRG_COM_IRQHandler
000004d2  w      .text	00000000 DMA1_Channel1_IRQHandler
00000000 g       .init	00000000 _start
20000000 g     O .data	00000010 AHBPrescTable
000008ca  w    F .text	000000e6 prints
20000000 g       .highcode	00000000 _highcode_vma_start
000000b4 g     F .text	00000014 .hidden __mulsi3
20000000 g       .dalign	00000000 _data_vma
0000026e g     F .text	00000076 USARTx_CFG
00000f5e g     F .text	00000002 __malloc_lock
00000608 g     F .text	00000012 RCC_AdjustHSICalibrationValue
000002e4 g     F .text	00000054 main
0000017c g     F .text	0000001a Task_init
00000e60 g     F .text	000000d4 _malloc_r
000004d2  w      .text	00000000 DMA1_Channel5_IRQHandler
000000cc g     F .text	00000058 .hidden __divsi3
000000a0 g       .highcodelalign	00000000 _highcode_lma
00000338 g     F .text	00000132 SystemInit
00000882  w    F .text	00000048 printchar
00000000 g       .init	00000000 _sinit
000004d2  w      .text	00000000 DMA1_Channel3_IRQHandler
200000a0 g     O .data	00000004 _impure_ptr
000004d2  w      .text	00000000 TIM1_UP_IRQHandler
000004d2  w      .text	00000000 WWDG_IRQHandler
000004d2  w      .text	00000000 TIM2_IRQHandler
20000800 g       .stack	00000000 _eusrstack
000000a0 g     F .text	0000000a .hidden __riscv_save_2
000004d2  w      .text	00000000 SW_Handler
000004d2  w      .text	00000000 TIM1_BRK_IRQHandler
000007aa g     F .text	00000008 USART_SendData
00000810 g     F .text	0000004c _write
200000a8 g       .data	00000000 _edata
200000bc g       .bss	00000000 _end
20000000 g       .highcode	00000000 _highcode_vma_end
00000f94 g       .dlalign	00000000 _data_lma
0000046a g     F .text	00000068 SystemCoreClockUpdate
00000196 g     F .text	00000016 IC_clear_task_stack
00000124 g     F .text	00000024 .hidden __modsi3
000004d2  w      .text	00000000 DMA1_Channel2_IRQHandler
000004d4  w      .text	00000000 handle_reset
000004d2  w      .text	00000000 FLASH_IRQHandler
000000a0 g     F .text	0000000a .hidden __riscv_save_0
000004d2  w      .text	00000000 USART1_IRQHandler
200000ac g     O .bss	00000004 __malloc_sbrk_start
000004d2  w      .text	00000000 I2C1_ER_IRQHandler
00000602 g     F .text	00000006 NVIC_PriorityGroupConfig
200000a8 g     O .bss	00000004 __malloc_free_list
000000aa g     F .text	0000000a .hidden __riscv_restore_1



Disassembly of section .init:

00000000 <_sinit>:
   0:	4d40006f          	j	4d4 <handle_reset>
   4:	0000                	unimp
   6:	0000                	unimp
   8:	014a                	slli	sp,sp,0x12
   a:	0000                	unimp
   c:	014c                	addi	a1,sp,132
	...
  2e:	0000                	unimp
  30:	015c                	addi	a5,sp,132
  32:	0000                	unimp
  34:	0000                	unimp
  36:	0000                	unimp
  38:	04d2                	slli	s1,s1,0x14
  3a:	0000                	unimp
  3c:	0000                	unimp
  3e:	0000                	unimp
  40:	04d2                	slli	s1,s1,0x14
  42:	0000                	unimp
  44:	04d2                	slli	s1,s1,0x14
  46:	0000                	unimp
  48:	04d2                	slli	s1,s1,0x14
  4a:	0000                	unimp
  4c:	04d2                	slli	s1,s1,0x14
  4e:	0000                	unimp
  50:	04d2                	slli	s1,s1,0x14
  52:	0000                	unimp
  54:	04d2                	slli	s1,s1,0x14
  56:	0000                	unimp
  58:	04d2                	slli	s1,s1,0x14
  5a:	0000                	unimp
  5c:	04d2                	slli	s1,s1,0x14
  5e:	0000                	unimp
  60:	04d2                	slli	s1,s1,0x14
  62:	0000                	unimp
  64:	04d2                	slli	s1,s1,0x14
  66:	0000                	unimp
  68:	04d2                	slli	s1,s1,0x14
  6a:	0000                	unimp
  6c:	04d2                	slli	s1,s1,0x14
  6e:	0000                	unimp
  70:	04d2                	slli	s1,s1,0x14
  72:	0000                	unimp
  74:	04d2                	slli	s1,s1,0x14
  76:	0000                	unimp
  78:	04d2                	slli	s1,s1,0x14
  7a:	0000                	unimp
  7c:	04d2                	slli	s1,s1,0x14
  7e:	0000                	unimp
  80:	04d2                	slli	s1,s1,0x14
  82:	0000                	unimp
  84:	04d2                	slli	s1,s1,0x14
  86:	0000                	unimp
  88:	04d2                	slli	s1,s1,0x14
  8a:	0000                	unimp
  8c:	04d2                	slli	s1,s1,0x14
  8e:	0000                	unimp
  90:	04d2                	slli	s1,s1,0x14
  92:	0000                	unimp
  94:	04d2                	slli	s1,s1,0x14
  96:	0000                	unimp
  98:	04d2                	slli	s1,s1,0x14
  9a:	0000                	unimp
  9c:	0000                	unimp
	...

Disassembly of section .text:

000000a0 <__riscv_save_0>:
  a0:	1151                	addi	sp,sp,-12
  a2:	c026                	sw	s1,0(sp)
  a4:	c222                	sw	s0,4(sp)
  a6:	c406                	sw	ra,8(sp)
  a8:	8282                	jr	t0

000000aa <__riscv_restore_0>:
  aa:	4482                	lw	s1,0(sp)
  ac:	4412                	lw	s0,4(sp)
  ae:	40a2                	lw	ra,8(sp)
  b0:	0131                	addi	sp,sp,12
  b2:	8082                	ret

000000b4 <__mulsi3>:
  b4:	862a                	mv	a2,a0
  b6:	4501                	li	a0,0
  b8:	0015f693          	andi	a3,a1,1
  bc:	c291                	beqz	a3,c0 <__mulsi3+0xc>
  be:	9532                	add	a0,a0,a2
  c0:	8185                	srli	a1,a1,0x1
  c2:	0606                	slli	a2,a2,0x1
  c4:	f9f5                	bnez	a1,b8 <__mulsi3+0x4>
  c6:	8082                	ret
  c8:	0000                	unimp
	...

000000cc <__divsi3>:
  cc:	02054e63          	bltz	a0,108 <__umodsi3+0x8>
  d0:	0405c363          	bltz	a1,116 <__umodsi3+0x16>

000000d4 <__udivsi3>:
  d4:	862e                	mv	a2,a1
  d6:	85aa                	mv	a1,a0
  d8:	557d                	li	a0,-1
  da:	c215                	beqz	a2,fe <__udivsi3+0x2a>
  dc:	4685                	li	a3,1
  de:	00b67863          	bgeu	a2,a1,ee <__udivsi3+0x1a>
  e2:	00c05663          	blez	a2,ee <__udivsi3+0x1a>
  e6:	0606                	slli	a2,a2,0x1
  e8:	0686                	slli	a3,a3,0x1
  ea:	feb66ce3          	bltu	a2,a1,e2 <__udivsi3+0xe>
  ee:	4501                	li	a0,0
  f0:	00c5e463          	bltu	a1,a2,f8 <__udivsi3+0x24>
  f4:	8d91                	sub	a1,a1,a2
  f6:	8d55                	or	a0,a0,a3
  f8:	8285                	srli	a3,a3,0x1
  fa:	8205                	srli	a2,a2,0x1
  fc:	faf5                	bnez	a3,f0 <__udivsi3+0x1c>
  fe:	8082                	ret

00000100 <__umodsi3>:
 100:	8286                	mv	t0,ra
 102:	3fc9                	jal	d4 <__udivsi3>
 104:	852e                	mv	a0,a1
 106:	8282                	jr	t0
 108:	40a00533          	neg	a0,a0
 10c:	0005d763          	bgez	a1,11a <__umodsi3+0x1a>
 110:	40b005b3          	neg	a1,a1
 114:	b7c1                	j	d4 <__udivsi3>
 116:	40b005b3          	neg	a1,a1
 11a:	8286                	mv	t0,ra
 11c:	3f65                	jal	d4 <__udivsi3>
 11e:	40a00533          	neg	a0,a0
 122:	8282                	jr	t0

00000124 <__modsi3>:
 124:	8286                	mv	t0,ra
 126:	0005c763          	bltz	a1,134 <__modsi3+0x10>
 12a:	00054963          	bltz	a0,13c <__modsi3+0x18>
 12e:	375d                	jal	d4 <__udivsi3>
 130:	852e                	mv	a0,a1
 132:	8282                	jr	t0
 134:	40b005b3          	neg	a1,a1
 138:	fe055be3          	bgez	a0,12e <__modsi3+0xa>
 13c:	40a00533          	neg	a0,a0
 140:	3f51                	jal	d4 <__udivsi3>
 142:	40b00533          	neg	a0,a1
 146:	8282                	jr	t0
	...

0000014a <NMI_Handler>:
 14a:	a001                	j	14a <NMI_Handler>

0000014c <HardFault_Handler>:
 14c:	beef07b7          	lui	a5,0xbeef0
 150:	e000e737          	lui	a4,0xe000e
 154:	08078793          	addi	a5,a5,128 # beef0080 <__global_pointer$+0x9eeef7e0>
 158:	c73c                	sw	a5,72(a4)
 15a:	a001                	j	15a <HardFault_Handler+0xe>

0000015c <SysTick_Handler>:
 15c:	8101a783          	lw	a5,-2032(gp) # 200000b0 <i_see>
 160:	27fc                	lbu	a5,14(a5)
 162:	c799                	beqz	a5,170 <SysTick_Handler+0x14>
 164:	00001537          	lui	a0,0x1
 168:	f6450513          	addi	a0,a0,-156 # f64 <__malloc_unlock+0x4>
 16c:	4ad000ef          	jal	ra,e18 <printf>
 170:	e000f7b7          	lui	a5,0xe000f
 174:	0007a223          	sw	zero,4(a5) # e000f004 <__global_pointer$+0xc000e764>
 178:	30200073          	mret

0000017c <Task_init>:
 17c:	f25ff2ef          	jal	t0,a0 <__riscv_save_0>
 180:	1171                	addi	sp,sp,-4
 182:	842a                	mv	s0,a0
 184:	4521                	li	a0,8
 186:	c02e                	sw	a1,0(sp)
 188:	4cb000ef          	jal	ra,e52 <malloc>
 18c:	4582                	lw	a1,0(sp)
 18e:	c100                	sw	s0,0(a0)
 190:	c14c                	sw	a1,4(a0)
 192:	0111                	addi	sp,sp,4
 194:	bf19                	j	aa <__riscv_restore_0>

00000196 <IC_clear_task_stack>:
 196:	f0bff2ef          	jal	t0,a0 <__riscv_save_0>
 19a:	4504                	lw	s1,8(a0)
 19c:	842a                	mv	s0,a0
 19e:	55fd                	li	a1,-1
 1a0:	4501                	li	a0,0
 1a2:	3fe9                	jal	17c <Task_init>
 1a4:	c088                	sw	a0,0(s1)
 1a6:	000406a3          	sb	zero,13(s0)
 1aa:	b701                	j	aa <__riscv_restore_0>

000001ac <IC_init>:
 1ac:	ef5ff2ef          	jal	t0,a0 <__riscv_save_0>
 1b0:	1171                	addi	sp,sp,-4
 1b2:	e000f4b7          	lui	s1,0xe000f
 1b6:	c02a                	sw	a0,0(sp)
 1b8:	0004a023          	sw	zero,0(s1) # e000f000 <__global_pointer$+0xc000e760>
 1bc:	4541                	li	a0,16
 1be:	495000ef          	jal	ra,e52 <malloc>
 1c2:	4782                	lw	a5,0(sp)
 1c4:	842a                	mv	s0,a0
 1c6:	000506a3          	sb	zero,13(a0)
 1ca:	a55c                	sb	a5,12(a0)
 1cc:	00279513          	slli	a0,a5,0x2
 1d0:	483000ef          	jal	ra,e52 <malloc>
 1d4:	c408                	sw	a0,8(s0)
 1d6:	8522                	mv	a0,s0
 1d8:	3f7d                	jal	196 <IC_clear_task_stack>
 1da:	6705                	lui	a4,0x1
 1dc:	e000e7b7          	lui	a5,0xe000e
 1e0:	10e7a023          	sw	a4,256(a5) # e000e100 <__global_pointer$+0xc000d860>
 1e4:	0004a023          	sw	zero,0(s1)
 1e8:	200007b7          	lui	a5,0x20000
 1ec:	0107a503          	lw	a0,16(a5) # 20000010 <SystemCoreClock>
 1f0:	6589                	lui	a1,0x2
 1f2:	f4058593          	addi	a1,a1,-192 # 1f40 <_data_lma+0xfac>
 1f6:	3df9                	jal	d4 <__udivsi3>
 1f8:	157d                	addi	a0,a0,-1
 1fa:	c888                	sw	a0,16(s1)
 1fc:	0004a423          	sw	zero,8(s1)
 200:	4701                	li	a4,0
 202:	4781                	li	a5,0
 204:	c05c                	sw	a5,4(s0)
 206:	c018                	sw	a4,0(s0)
 208:	47bd                	li	a5,15
 20a:	c09c                	sw	a5,0(s1)
 20c:	4785                	li	a5,1
 20e:	a47c                	sb	a5,14(s0)
 210:	8522                	mv	a0,s0
 212:	0111                	addi	sp,sp,4
 214:	bd59                	j	aa <__riscv_restore_0>

00000216 <IC_softsleep_ms>:
 216:	e8bff2ef          	jal	t0,a0 <__riscv_save_0>
 21a:	8101a703          	lw	a4,-2032(gp) # 200000b0 <i_see>
 21e:	6489                	lui	s1,0x2
 220:	1161                	addi	sp,sp,-8
 222:	862a                	mv	a2,a0
 224:	00070723          	sb	zero,14(a4) # 100e <_data_lma+0x7a>
 228:	4681                	li	a3,0
 22a:	4401                	li	s0,0
 22c:	20000337          	lui	t1,0x20000
 230:	f4048493          	addi	s1,s1,-192 # 1f40 <_data_lma+0xfac>
 234:	01032583          	lw	a1,16(t1) # 20000010 <SystemCoreClock>
 238:	8532                	mv	a0,a2
 23a:	c236                	sw	a3,4(sp)
 23c:	c032                	sw	a2,0(sp)
 23e:	3d9d                	jal	b4 <__mulsi3>
 240:	85a6                	mv	a1,s1
 242:	3d49                	jal	d4 <__udivsi3>
 244:	81018713          	addi	a4,gp,-2032 # 200000b0 <i_see>
 248:	e419                	bnez	s0,256 <IC_softsleep_ms+0x40>
 24a:	4692                	lw	a3,4(sp)
 24c:	4602                	lw	a2,0(sp)
 24e:	20000337          	lui	t1,0x20000
 252:	00a6e763          	bltu	a3,a0,260 <IC_softsleep_ms+0x4a>
 256:	431c                	lw	a5,0(a4)
 258:	4705                	li	a4,1
 25a:	a7f8                	sb	a4,14(a5)
 25c:	0121                	addi	sp,sp,8
 25e:	b5b1                	j	aa <__riscv_restore_0>
 260:	0001                	nop
 262:	00168793          	addi	a5,a3,1
 266:	00d7b433          	sltu	s0,a5,a3
 26a:	86be                	mv	a3,a5
 26c:	b7e1                	j	234 <IC_softsleep_ms+0x1e>

0000026e <USARTx_CFG>:
 26e:	e33ff2ef          	jal	t0,a0 <__riscv_save_0>
 272:	6511                	lui	a0,0x4
 274:	1111                	addi	sp,sp,-28
 276:	4585                	li	a1,1
 278:	02050513          	addi	a0,a0,32 # 4020 <_data_lma+0x308c>
 27c:	c002                	sw	zero,0(sp)
 27e:	c202                	sw	zero,4(sp)
 280:	c402                	sw	zero,8(sp)
 282:	c602                	sw	zero,12(sp)
 284:	c802                	sw	zero,16(sp)
 286:	ca02                	sw	zero,20(sp)
 288:	cc02                	sw	zero,24(sp)
 28a:	2135                	jal	6b6 <RCC_APB2PeriphClockCmd>
 28c:	02000793          	li	a5,32
 290:	807c                	sh	a5,0(sp)
 292:	40011437          	lui	s0,0x40011
 296:	478d                	li	a5,3
 298:	c23e                	sw	a5,4(sp)
 29a:	858a                	mv	a1,sp
 29c:	47e1                	li	a5,24
 29e:	40040513          	addi	a0,s0,1024 # 40011400 <__global_pointer$+0x20010b60>
 2a2:	c43e                	sw	a5,8(sp)
 2a4:	24cd                	jal	586 <GPIO_Init>
 2a6:	04000793          	li	a5,64
 2aa:	807c                	sh	a5,0(sp)
 2ac:	858a                	mv	a1,sp
 2ae:	4791                	li	a5,4
 2b0:	40040513          	addi	a0,s0,1024
 2b4:	c43e                	sw	a5,8(sp)
 2b6:	2cc1                	jal	586 <GPIO_Init>
 2b8:	67f1                	lui	a5,0x1c
 2ba:	40014437          	lui	s0,0x40014
 2be:	20078793          	addi	a5,a5,512 # 1c200 <_data_lma+0x1b26c>
 2c2:	c63e                	sw	a5,12(sp)
 2c4:	006c                	addi	a1,sp,12
 2c6:	000c07b7          	lui	a5,0xc0
 2ca:	80040513          	addi	a0,s0,-2048 # 40013800 <__global_pointer$+0x20012f60>
 2ce:	ca3e                	sw	a5,20(sp)
 2d0:	c802                	sw	zero,16(sp)
 2d2:	00011c23          	sh	zero,24(sp)
 2d6:	2efd                	jal	6d4 <USART_Init>
 2d8:	4585                	li	a1,1
 2da:	80040513          	addi	a0,s0,-2048
 2de:	295d                	jal	794 <USART_Cmd>
 2e0:	0171                	addi	sp,sp,28
 2e2:	b3e1                	j	aa <__riscv_restore_0>

000002e4 <main>:
 2e4:	dbdff2ef          	jal	t0,a0 <__riscv_save_0>
 2e8:	4505                	li	a0,1
 2ea:	2e21                	jal	602 <NVIC_PriorityGroupConfig>
 2ec:	2abd                	jal	46a <SystemCoreClockUpdate>
 2ee:	6571                	lui	a0,0x1c
 2f0:	20050513          	addi	a0,a0,512 # 1c200 <_data_lma+0x1b26c>
 2f4:	21e1                	jal	7bc <USART_Printf_Init>
 2f6:	200007b7          	lui	a5,0x20000
 2fa:	0107a583          	lw	a1,16(a5) # 20000010 <SystemCoreClock>
 2fe:	00001537          	lui	a0,0x1
 302:	f6c50513          	addi	a0,a0,-148 # f6c <__malloc_unlock+0xc>
 306:	313000ef          	jal	ra,e18 <printf>
 30a:	2c8d                	jal	57c <DBGMCU_GetCHIPID>
 30c:	85aa                	mv	a1,a0
 30e:	00001537          	lui	a0,0x1
 312:	f7c50513          	addi	a0,a0,-132 # f7c <__malloc_unlock+0x1c>
 316:	303000ef          	jal	ra,e18 <printf>
 31a:	3f91                	jal	26e <USARTx_CFG>
 31c:	4521                	li	a0,8
 31e:	3579                	jal	1ac <IC_init>
 320:	6409                	lui	s0,0x2
 322:	80a1a823          	sw	a0,-2032(gp) # 200000b0 <i_see>
 326:	71040413          	addi	s0,s0,1808 # 2710 <_data_lma+0x177c>
 32a:	8522                	mv	a0,s0
 32c:	35ed                	jal	216 <IC_softsleep_ms>
 32e:	07400513          	li	a0,116
 332:	309000ef          	jal	ra,e3a <putchar>
 336:	bfd5                	j	32a <main+0x46>

00000338 <SystemInit>:
 338:	d69ff2ef          	jal	t0,a0 <__riscv_save_0>
 33c:	40021437          	lui	s0,0x40021
 340:	401c                	lw	a5,0(s0)
 342:	f8ff0737          	lui	a4,0xf8ff0
 346:	1161                	addi	sp,sp,-8
 348:	0017e793          	ori	a5,a5,1
 34c:	c01c                	sw	a5,0(s0)
 34e:	405c                	lw	a5,4(s0)
 350:	4541                	li	a0,16
 352:	8ff9                	and	a5,a5,a4
 354:	c05c                	sw	a5,4(s0)
 356:	401c                	lw	a5,0(s0)
 358:	fef70737          	lui	a4,0xfef70
 35c:	177d                	addi	a4,a4,-1
 35e:	8ff9                	and	a5,a5,a4
 360:	c01c                	sw	a5,0(s0)
 362:	401c                	lw	a5,0(s0)
 364:	fffc0737          	lui	a4,0xfffc0
 368:	177d                	addi	a4,a4,-1
 36a:	8ff9                	and	a5,a5,a4
 36c:	c01c                	sw	a5,0(s0)
 36e:	405c                	lw	a5,4(s0)
 370:	7741                	lui	a4,0xffff0
 372:	177d                	addi	a4,a4,-1
 374:	8ff9                	and	a5,a5,a4
 376:	c05c                	sw	a5,4(s0)
 378:	009f07b7          	lui	a5,0x9f0
 37c:	c41c                	sw	a5,8(s0)
 37e:	2469                	jal	608 <RCC_AdjustHSICalibrationValue>
 380:	4c1c                	lw	a5,24(s0)
 382:	00020637          	lui	a2,0x20
 386:	0207e793          	ori	a5,a5,32
 38a:	cc1c                	sw	a5,24(s0)
 38c:	400117b7          	lui	a5,0x40011
 390:	4007a703          	lw	a4,1024(a5) # 40011400 <__global_pointer$+0x20010b60>
 394:	40078693          	addi	a3,a5,1024
 398:	f0f77713          	andi	a4,a4,-241
 39c:	40e7a023          	sw	a4,1024(a5)
 3a0:	4007a703          	lw	a4,1024(a5)
 3a4:	08076713          	ori	a4,a4,128
 3a8:	40e7a023          	sw	a4,1024(a5)
 3ac:	4789                	li	a5,2
 3ae:	ca9c                	sw	a5,16(a3)
 3b0:	c002                	sw	zero,0(sp)
 3b2:	c202                	sw	zero,4(sp)
 3b4:	4c1c                	lw	a5,24(s0)
 3b6:	40010737          	lui	a4,0x40010
 3ba:	66a1                	lui	a3,0x8
 3bc:	0017e793          	ori	a5,a5,1
 3c0:	cc1c                	sw	a5,24(s0)
 3c2:	435c                	lw	a5,4(a4)
 3c4:	8fd5                	or	a5,a5,a3
 3c6:	c35c                	sw	a5,4(a4)
 3c8:	401c                	lw	a5,0(s0)
 3ca:	6741                	lui	a4,0x10
 3cc:	400216b7          	lui	a3,0x40021
 3d0:	8fd9                	or	a5,a5,a4
 3d2:	c01c                	sw	a5,0(s0)
 3d4:	6709                	lui	a4,0x2
 3d6:	429c                	lw	a5,0(a3)
 3d8:	8ff1                	and	a5,a5,a2
 3da:	c23e                	sw	a5,4(sp)
 3dc:	4782                	lw	a5,0(sp)
 3de:	0785                	addi	a5,a5,1
 3e0:	c03e                	sw	a5,0(sp)
 3e2:	4792                	lw	a5,4(sp)
 3e4:	e781                	bnez	a5,3ec <SystemInit+0xb4>
 3e6:	4782                	lw	a5,0(sp)
 3e8:	fee797e3          	bne	a5,a4,3d6 <SystemInit+0x9e>
 3ec:	400217b7          	lui	a5,0x40021
 3f0:	439c                	lw	a5,0(a5)
 3f2:	00e79713          	slli	a4,a5,0xe
 3f6:	06075863          	bgez	a4,466 <SystemInit+0x12e>
 3fa:	4785                	li	a5,1
 3fc:	c23e                	sw	a5,4(sp)
 3fe:	4712                	lw	a4,4(sp)
 400:	4785                	li	a5,1
 402:	06f71063          	bne	a4,a5,462 <SystemInit+0x12a>
 406:	400227b7          	lui	a5,0x40022
 40a:	4398                	lw	a4,0(a5)
 40c:	76c1                	lui	a3,0xffff0
 40e:	16fd                	addi	a3,a3,-1
 410:	9b71                	andi	a4,a4,-4
 412:	c398                	sw	a4,0(a5)
 414:	4398                	lw	a4,0(a5)
 416:	00176713          	ori	a4,a4,1
 41a:	c398                	sw	a4,0(a5)
 41c:	400217b7          	lui	a5,0x40021
 420:	43d8                	lw	a4,4(a5)
 422:	c3d8                	sw	a4,4(a5)
 424:	43d8                	lw	a4,4(a5)
 426:	8f75                	and	a4,a4,a3
 428:	c3d8                	sw	a4,4(a5)
 42a:	43d8                	lw	a4,4(a5)
 42c:	66c1                	lui	a3,0x10
 42e:	8f55                	or	a4,a4,a3
 430:	c3d8                	sw	a4,4(a5)
 432:	4398                	lw	a4,0(a5)
 434:	010006b7          	lui	a3,0x1000
 438:	8f55                	or	a4,a4,a3
 43a:	c398                	sw	a4,0(a5)
 43c:	4398                	lw	a4,0(a5)
 43e:	00671693          	slli	a3,a4,0x6
 442:	fe06dde3          	bgez	a3,43c <SystemInit+0x104>
 446:	43d8                	lw	a4,4(a5)
 448:	400216b7          	lui	a3,0x40021
 44c:	9b71                	andi	a4,a4,-4
 44e:	c3d8                	sw	a4,4(a5)
 450:	43d8                	lw	a4,4(a5)
 452:	00276713          	ori	a4,a4,2
 456:	c3d8                	sw	a4,4(a5)
 458:	4721                	li	a4,8
 45a:	42dc                	lw	a5,4(a3)
 45c:	8bb1                	andi	a5,a5,12
 45e:	fee79ee3          	bne	a5,a4,45a <SystemInit+0x122>
 462:	0121                	addi	sp,sp,8
 464:	b199                	j	aa <__riscv_restore_0>
 466:	c202                	sw	zero,4(sp)
 468:	bf59                	j	3fe <SystemInit+0xc6>

0000046a <SystemCoreClockUpdate>:
 46a:	c37ff2ef          	jal	t0,a0 <__riscv_save_0>
 46e:	40021737          	lui	a4,0x40021
 472:	435c                	lw	a5,4(a4)
 474:	20000437          	lui	s0,0x20000
 478:	4691                	li	a3,4
 47a:	8bb1                	andi	a5,a5,12
 47c:	01040413          	addi	s0,s0,16 # 20000010 <SystemCoreClock>
 480:	00d78563          	beq	a5,a3,48a <SystemCoreClockUpdate+0x20>
 484:	46a1                	li	a3,8
 486:	04d78063          	beq	a5,a3,4c6 <SystemCoreClockUpdate+0x5c>
 48a:	016e37b7          	lui	a5,0x16e3
 48e:	60078793          	addi	a5,a5,1536 # 16e3600 <_data_lma+0x16e266c>
 492:	c01c                	sw	a5,0(s0)
 494:	400216b7          	lui	a3,0x40021
 498:	42dc                	lw	a5,4(a3)
 49a:	4008                	lw	a0,0(s0)
 49c:	8391                	srli	a5,a5,0x4
 49e:	00f7f713          	andi	a4,a5,15
 4a2:	200007b7          	lui	a5,0x20000
 4a6:	00078793          	mv	a5,a5
 4aa:	97ba                	add	a5,a5,a4
 4ac:	238c                	lbu	a1,0(a5)
 4ae:	42dc                	lw	a5,4(a3)
 4b0:	0ff5f593          	andi	a1,a1,255
 4b4:	0807f793          	andi	a5,a5,128
 4b8:	00b55733          	srl	a4,a0,a1
 4bc:	e399                	bnez	a5,4c2 <SystemCoreClockUpdate+0x58>
 4be:	3919                	jal	d4 <__udivsi3>
 4c0:	872a                	mv	a4,a0
 4c2:	c018                	sw	a4,0(s0)
 4c4:	b6dd                	j	aa <__riscv_restore_0>
 4c6:	435c                	lw	a5,4(a4)
 4c8:	02dc77b7          	lui	a5,0x2dc7
 4cc:	c0078793          	addi	a5,a5,-1024 # 2dc6c00 <_data_lma+0x2dc5c6c>
 4d0:	b7c9                	j	492 <SystemCoreClockUpdate+0x28>

000004d2 <ADC1_IRQHandler>:
 4d2:	a001                	j	4d2 <ADC1_IRQHandler>

000004d4 <handle_reset>:
 4d4:	20000197          	auipc	gp,0x20000
 4d8:	3cc18193          	addi	gp,gp,972 # 200008a0 <__global_pointer$>
 4dc:	f6018113          	addi	sp,gp,-160 # 20000800 <_eusrstack>
 4e0:	0a000513          	li	a0,160
 4e4:	20000597          	auipc	a1,0x20000
 4e8:	b1c58593          	addi	a1,a1,-1252 # 20000000 <_highcode_vma_end>
 4ec:	20000617          	auipc	a2,0x20000
 4f0:	b1460613          	addi	a2,a2,-1260 # 20000000 <_highcode_vma_end>
 4f4:	00c5fa63          	bgeu	a1,a2,508 <handle_reset+0x34>
 4f8:	00052283          	lw	t0,0(a0)
 4fc:	0055a023          	sw	t0,0(a1)
 500:	0511                	addi	a0,a0,4
 502:	0591                	addi	a1,a1,4
 504:	fec5eae3          	bltu	a1,a2,4f8 <handle_reset+0x24>
 508:	00001517          	auipc	a0,0x1
 50c:	a8c50513          	addi	a0,a0,-1396 # f94 <_data_lma>
 510:	20000597          	auipc	a1,0x20000
 514:	af058593          	addi	a1,a1,-1296 # 20000000 <_highcode_vma_end>
 518:	80818613          	addi	a2,gp,-2040 # 200000a8 <_edata>
 51c:	00c5fa63          	bgeu	a1,a2,530 <handle_reset+0x5c>
 520:	00052283          	lw	t0,0(a0)
 524:	0055a023          	sw	t0,0(a1)
 528:	0511                	addi	a0,a0,4
 52a:	0591                	addi	a1,a1,4
 52c:	fec5eae3          	bltu	a1,a2,520 <handle_reset+0x4c>
 530:	80818513          	addi	a0,gp,-2040 # 200000a8 <_edata>
 534:	81c18593          	addi	a1,gp,-2020 # 200000bc <_ebss>
 538:	00b57763          	bgeu	a0,a1,546 <handle_reset+0x72>
 53c:	00052023          	sw	zero,0(a0)
 540:	0511                	addi	a0,a0,4
 542:	feb56de3          	bltu	a0,a1,53c <handle_reset+0x68>
 546:	000022b7          	lui	t0,0x2
 54a:	88028293          	addi	t0,t0,-1920 # 1880 <_data_lma+0x8ec>
 54e:	30029073          	csrw	mstatus,t0
 552:	428d                	li	t0,3
 554:	80429073          	csrw	0x804,t0
 558:	00000297          	auipc	t0,0x0
 55c:	aa828293          	addi	t0,t0,-1368 # 0 <_sinit>
 560:	0032e293          	ori	t0,t0,3
 564:	30529073          	csrw	mtvec,t0
 568:	dd1ff0ef          	jal	ra,338 <SystemInit>
 56c:	00000297          	auipc	t0,0x0
 570:	d7828293          	addi	t0,t0,-648 # 2e4 <main>
 574:	34129073          	csrw	mepc,t0
 578:	30200073          	mret

0000057c <DBGMCU_GetCHIPID>:
 57c:	1ffff7b7          	lui	a5,0x1ffff
 580:	7c47a503          	lw	a0,1988(a5) # 1ffff7c4 <_data_lma+0x1fffe830>
 584:	8082                	ret

00000586 <GPIO_Init>:
 586:	4594                	lw	a3,8(a1)
 588:	0106f793          	andi	a5,a3,16
 58c:	00f6f293          	andi	t0,a3,15
 590:	c781                	beqz	a5,598 <GPIO_Init+0x12>
 592:	41dc                	lw	a5,4(a1)
 594:	00f2e2b3          	or	t0,t0,a5
 598:	0005d383          	lhu	t2,0(a1)
 59c:	0ff3f793          	andi	a5,t2,255
 5a0:	c3a5                	beqz	a5,600 <GPIO_Init+0x7a>
 5a2:	00052303          	lw	t1,0(a0)
 5a6:	1161                	addi	sp,sp,-8
 5a8:	c222                	sw	s0,4(sp)
 5aa:	c026                	sw	s1,0(sp)
 5ac:	4781                	li	a5,0
 5ae:	02800413          	li	s0,40
 5b2:	04800493          	li	s1,72
 5b6:	4705                	li	a4,1
 5b8:	00f71633          	sll	a2,a4,a5
 5bc:	00c3f733          	and	a4,t2,a2
 5c0:	02e61263          	bne	a2,a4,5e4 <GPIO_Init+0x5e>
 5c4:	00279593          	slli	a1,a5,0x2
 5c8:	473d                	li	a4,15
 5ca:	00b71733          	sll	a4,a4,a1
 5ce:	fff74713          	not	a4,a4
 5d2:	00677333          	and	t1,a4,t1
 5d6:	00b295b3          	sll	a1,t0,a1
 5da:	0065e333          	or	t1,a1,t1
 5de:	00869d63          	bne	a3,s0,5f8 <GPIO_Init+0x72>
 5e2:	c950                	sw	a2,20(a0)
 5e4:	0785                	addi	a5,a5,1
 5e6:	4721                	li	a4,8
 5e8:	fce797e3          	bne	a5,a4,5b6 <GPIO_Init+0x30>
 5ec:	4412                	lw	s0,4(sp)
 5ee:	00652023          	sw	t1,0(a0)
 5f2:	4482                	lw	s1,0(sp)
 5f4:	0121                	addi	sp,sp,8
 5f6:	8082                	ret
 5f8:	fe9696e3          	bne	a3,s1,5e4 <GPIO_Init+0x5e>
 5fc:	c910                	sw	a2,16(a0)
 5fe:	b7dd                	j	5e4 <GPIO_Init+0x5e>
 600:	8082                	ret

00000602 <NVIC_PriorityGroupConfig>:
 602:	80a1aa23          	sw	a0,-2028(gp) # 200000b4 <NVIC_Priority_Group>
 606:	8082                	ret

00000608 <RCC_AdjustHSICalibrationValue>:
 608:	40021737          	lui	a4,0x40021
 60c:	431c                	lw	a5,0(a4)
 60e:	050e                	slli	a0,a0,0x3
 610:	f077f793          	andi	a5,a5,-249
 614:	8d5d                	or	a0,a0,a5
 616:	c308                	sw	a0,0(a4)
 618:	8082                	ret

0000061a <RCC_GetClocksFreq>:
 61a:	a87ff2ef          	jal	t0,a0 <__riscv_save_0>
 61e:	40021737          	lui	a4,0x40021
 622:	435c                	lw	a5,4(a4)
 624:	4691                	li	a3,4
 626:	842a                	mv	s0,a0
 628:	8bb1                	andi	a5,a5,12
 62a:	00d78563          	beq	a5,a3,634 <RCC_GetClocksFreq+0x1a>
 62e:	46a1                	li	a3,8
 630:	06d78d63          	beq	a5,a3,6aa <RCC_GetClocksFreq+0x90>
 634:	016e37b7          	lui	a5,0x16e3
 638:	60078793          	addi	a5,a5,1536 # 16e3600 <_data_lma+0x16e266c>
 63c:	c01c                	sw	a5,0(s0)
 63e:	400216b7          	lui	a3,0x40021
 642:	42dc                	lw	a5,4(a3)
 644:	8391                	srli	a5,a5,0x4
 646:	00f7f713          	andi	a4,a5,15
 64a:	200007b7          	lui	a5,0x20000
 64e:	02878793          	addi	a5,a5,40 # 20000028 <APBAHBPrescTable>
 652:	97ba                	add	a5,a5,a4
 654:	238c                	lbu	a1,0(a5)
 656:	42dc                	lw	a5,4(a3)
 658:	4018                	lw	a4,0(s0)
 65a:	0ff5f593          	andi	a1,a1,255
 65e:	0807f793          	andi	a5,a5,128
 662:	00b75533          	srl	a0,a4,a1
 666:	e399                	bnez	a5,66c <RCC_GetClocksFreq+0x52>
 668:	853a                	mv	a0,a4
 66a:	34ad                	jal	d4 <__udivsi3>
 66c:	c048                	sw	a0,4(s0)
 66e:	c408                	sw	a0,8(s0)
 670:	c448                	sw	a0,12(s0)
 672:	400217b7          	lui	a5,0x40021
 676:	43dc                	lw	a5,4(a5)
 678:	468d                	li	a3,3
 67a:	83ad                	srli	a5,a5,0xb
 67c:	8bfd                	andi	a5,a5,31
 67e:	0037d713          	srli	a4,a5,0x3
 682:	078a                	slli	a5,a5,0x2
 684:	8bf1                	andi	a5,a5,28
 686:	8fd9                	or	a5,a5,a4
 688:	0137f613          	andi	a2,a5,19
 68c:	0037f713          	andi	a4,a5,3
 690:	00c6f463          	bgeu	a3,a2,698 <RCC_GetClocksFreq+0x7e>
 694:	ff478713          	addi	a4,a5,-12 # 40020ff4 <__global_pointer$+0x20020754>
 698:	200007b7          	lui	a5,0x20000
 69c:	01478793          	addi	a5,a5,20 # 20000014 <ADCPrescTable>
 6a0:	97ba                	add	a5,a5,a4
 6a2:	238c                	lbu	a1,0(a5)
 6a4:	3c05                	jal	d4 <__udivsi3>
 6a6:	c808                	sw	a0,16(s0)
 6a8:	b409                	j	aa <__riscv_restore_0>
 6aa:	435c                	lw	a5,4(a4)
 6ac:	02dc77b7          	lui	a5,0x2dc7
 6b0:	c0078793          	addi	a5,a5,-1024 # 2dc6c00 <_data_lma+0x2dc5c6c>
 6b4:	b761                	j	63c <RCC_GetClocksFreq+0x22>

000006b6 <RCC_APB2PeriphClockCmd>:
 6b6:	c599                	beqz	a1,6c4 <RCC_APB2PeriphClockCmd+0xe>
 6b8:	40021737          	lui	a4,0x40021
 6bc:	4f1c                	lw	a5,24(a4)
 6be:	8d5d                	or	a0,a0,a5
 6c0:	cf08                	sw	a0,24(a4)
 6c2:	8082                	ret
 6c4:	400217b7          	lui	a5,0x40021
 6c8:	4f98                	lw	a4,24(a5)
 6ca:	fff54513          	not	a0,a0
 6ce:	8d79                	and	a0,a0,a4
 6d0:	cf88                	sw	a0,24(a5)
 6d2:	8082                	ret

000006d4 <USART_Init>:
 6d4:	9cdff2ef          	jal	t0,a0 <__riscv_save_0>
 6d8:	2916                	lhu	a3,16(a0)
 6da:	77f5                	lui	a5,0xffffd
 6dc:	17fd                	addi	a5,a5,-1
 6de:	8ff5                	and	a5,a5,a3
 6e0:	21f6                	lhu	a3,6(a1)
 6e2:	25da                	lhu	a4,12(a1)
 6e4:	1121                	addi	sp,sp,-24
 6e6:	8fd5                	or	a5,a5,a3
 6e8:	a91e                	sh	a5,16(a0)
 6ea:	2556                	lhu	a3,12(a0)
 6ec:	77fd                	lui	a5,0xfffff
 6ee:	9f378793          	addi	a5,a5,-1549 # ffffe9f3 <__global_pointer$+0xdfffe153>
 6f2:	8ff5                	and	a5,a5,a3
 6f4:	21d6                	lhu	a3,4(a1)
 6f6:	842a                	mv	s0,a0
 6f8:	c02e                	sw	a1,0(sp)
 6fa:	8fd5                	or	a5,a5,a3
 6fc:	2596                	lhu	a3,8(a1)
 6fe:	8fd5                	or	a5,a5,a3
 700:	25b6                	lhu	a3,10(a1)
 702:	8fd5                	or	a5,a5,a3
 704:	a55e                	sh	a5,12(a0)
 706:	295e                	lhu	a5,20(a0)
 708:	07c2                	slli	a5,a5,0x10
 70a:	83c1                	srli	a5,a5,0x10
 70c:	cff7f793          	andi	a5,a5,-769
 710:	8f5d                	or	a4,a4,a5
 712:	a95a                	sh	a4,20(a0)
 714:	0048                	addi	a0,sp,4
 716:	3711                	jal	61a <RCC_GetClocksFreq>
 718:	400147b7          	lui	a5,0x40014
 71c:	80078793          	addi	a5,a5,-2048 # 40013800 <__global_pointer$+0x20012f60>
 720:	4582                	lw	a1,0(sp)
 722:	04f41d63          	bne	s0,a5,77c <USART_Init+0xa8>
 726:	47c2                	lw	a5,16(sp)
 728:	245a                	lhu	a4,12(s0)
 72a:	00179513          	slli	a0,a5,0x1
 72e:	953e                	add	a0,a0,a5
 730:	0742                	slli	a4,a4,0x10
 732:	050e                	slli	a0,a0,0x3
 734:	8741                	srai	a4,a4,0x10
 736:	953e                	add	a0,a0,a5
 738:	418c                	lw	a1,0(a1)
 73a:	04075363          	bgez	a4,780 <USART_Init+0xac>
 73e:	0586                	slli	a1,a1,0x1
 740:	3a51                	jal	d4 <__udivsi3>
 742:	06400593          	li	a1,100
 746:	c02a                	sw	a0,0(sp)
 748:	3271                	jal	d4 <__udivsi3>
 74a:	4782                	lw	a5,0(sp)
 74c:	00451493          	slli	s1,a0,0x4
 750:	06400593          	li	a1,100
 754:	853e                	mv	a0,a5
 756:	326d                	jal	100 <__umodsi3>
 758:	245e                	lhu	a5,12(s0)
 75a:	07c2                	slli	a5,a5,0x10
 75c:	87c1                	srai	a5,a5,0x10
 75e:	0207d363          	bgez	a5,784 <USART_Init+0xb0>
 762:	050e                	slli	a0,a0,0x3
 764:	06400593          	li	a1,100
 768:	03250513          	addi	a0,a0,50
 76c:	32a5                	jal	d4 <__udivsi3>
 76e:	891d                	andi	a0,a0,7
 770:	8cc9                	or	s1,s1,a0
 772:	04c2                	slli	s1,s1,0x10
 774:	80c1                	srli	s1,s1,0x10
 776:	a406                	sh	s1,8(s0)
 778:	0161                	addi	sp,sp,24
 77a:	ba05                	j	aa <__riscv_restore_0>
 77c:	47b2                	lw	a5,12(sp)
 77e:	b76d                	j	728 <USART_Init+0x54>
 780:	058a                	slli	a1,a1,0x2
 782:	bf7d                	j	740 <USART_Init+0x6c>
 784:	0512                	slli	a0,a0,0x4
 786:	06400593          	li	a1,100
 78a:	03250513          	addi	a0,a0,50
 78e:	3299                	jal	d4 <__udivsi3>
 790:	893d                	andi	a0,a0,15
 792:	bff9                	j	770 <USART_Init+0x9c>

00000794 <USART_Cmd>:
 794:	c591                	beqz	a1,7a0 <USART_Cmd+0xc>
 796:	255e                	lhu	a5,12(a0)
 798:	6709                	lui	a4,0x2
 79a:	8fd9                	or	a5,a5,a4
 79c:	a55e                	sh	a5,12(a0)
 79e:	8082                	ret
 7a0:	255a                	lhu	a4,12(a0)
 7a2:	77f9                	lui	a5,0xffffe
 7a4:	17fd                	addi	a5,a5,-1
 7a6:	8ff9                	and	a5,a5,a4
 7a8:	bfd5                	j	79c <USART_Cmd+0x8>

000007aa <USART_SendData>:
 7aa:	1ff5f593          	andi	a1,a1,511
 7ae:	a14e                	sh	a1,4(a0)
 7b0:	8082                	ret

000007b2 <USART_GetFlagStatus>:
 7b2:	210a                	lhu	a0,0(a0)
 7b4:	8d6d                	and	a0,a0,a1
 7b6:	00a03533          	snez	a0,a0
 7ba:	8082                	ret

000007bc <USART_Printf_Init>:
 7bc:	8e5ff2ef          	jal	t0,a0 <__riscv_save_0>
 7c0:	842a                	mv	s0,a0
 7c2:	6511                	lui	a0,0x4
 7c4:	1111                	addi	sp,sp,-28
 7c6:	4585                	li	a1,1
 7c8:	02050513          	addi	a0,a0,32 # 4020 <_data_lma+0x308c>
 7cc:	35ed                	jal	6b6 <RCC_APB2PeriphClockCmd>
 7ce:	02000793          	li	a5,32
 7d2:	807c                	sh	a5,0(sp)
 7d4:	40011537          	lui	a0,0x40011
 7d8:	478d                	li	a5,3
 7da:	c23e                	sw	a5,4(sp)
 7dc:	858a                	mv	a1,sp
 7de:	47e1                	li	a5,24
 7e0:	40050513          	addi	a0,a0,1024 # 40011400 <__global_pointer$+0x20010b60>
 7e4:	c43e                	sw	a5,8(sp)
 7e6:	3345                	jal	586 <GPIO_Init>
 7e8:	c622                	sw	s0,12(sp)
 7ea:	40014437          	lui	s0,0x40014
 7ee:	000807b7          	lui	a5,0x80
 7f2:	006c                	addi	a1,sp,12
 7f4:	80040513          	addi	a0,s0,-2048 # 40013800 <__global_pointer$+0x20012f60>
 7f8:	ca3e                	sw	a5,20(sp)
 7fa:	c802                	sw	zero,16(sp)
 7fc:	00011c23          	sh	zero,24(sp)
 800:	3dd1                	jal	6d4 <USART_Init>
 802:	4585                	li	a1,1
 804:	80040513          	addi	a0,s0,-2048
 808:	3771                	jal	794 <USART_Cmd>
 80a:	0171                	addi	sp,sp,28
 80c:	89fff06f          	j	aa <__riscv_restore_0>

00000810 <_write>:
 810:	891ff2ef          	jal	t0,a0 <__riscv_save_0>
 814:	1171                	addi	sp,sp,-4
 816:	84ae                	mv	s1,a1
 818:	4401                	li	s0,0
 81a:	02c45d63          	bge	s0,a2,854 <_write+0x44>
 81e:	400147b7          	lui	a5,0x40014
 822:	80078713          	addi	a4,a5,-2048 # 40013800 <__global_pointer$+0x20012f60>
 826:	853a                	mv	a0,a4
 828:	04000593          	li	a1,64
 82c:	c032                	sw	a2,0(sp)
 82e:	3751                	jal	7b2 <USART_GetFlagStatus>
 830:	400147b7          	lui	a5,0x40014
 834:	80078713          	addi	a4,a5,-2048 # 40013800 <__global_pointer$+0x20012f60>
 838:	4602                	lw	a2,0(sp)
 83a:	d575                	beqz	a0,826 <_write+0x16>
 83c:	00848733          	add	a4,s1,s0
 840:	00070583          	lb	a1,0(a4) # 2000 <_data_lma+0x106c>
 844:	80078513          	addi	a0,a5,-2048
 848:	0405                	addi	s0,s0,1
 84a:	05c2                	slli	a1,a1,0x10
 84c:	81c1                	srli	a1,a1,0x10
 84e:	3fb1                	jal	7aa <USART_SendData>
 850:	4602                	lw	a2,0(sp)
 852:	b7e1                	j	81a <_write+0xa>
 854:	8532                	mv	a0,a2
 856:	0111                	addi	sp,sp,4
 858:	853ff06f          	j	aa <__riscv_restore_0>

0000085c <_sbrk>:
 85c:	20000737          	lui	a4,0x20000
 860:	03870713          	addi	a4,a4,56 # 20000038 <curbrk.4091>
 864:	431c                	lw	a5,0(a4)
 866:	81c18693          	addi	a3,gp,-2020 # 200000bc <_ebss>
 86a:	953e                	add	a0,a0,a5
 86c:	00d56963          	bltu	a0,a3,87e <_sbrk+0x22>
 870:	e6018693          	addi	a3,gp,-416 # 20000700 <_heap_end>
 874:	00a6e563          	bltu	a3,a0,87e <_sbrk+0x22>
 878:	c308                	sw	a0,0(a4)
 87a:	853e                	mv	a0,a5
 87c:	8082                	ret
 87e:	57fd                	li	a5,-1
 880:	bfed                	j	87a <_sbrk+0x1e>

00000882 <printchar>:
 882:	1141                	addi	sp,sp,-16
 884:	c606                	sw	ra,12(sp)
 886:	c02e                	sw	a1,0(sp)
 888:	cd0d                	beqz	a0,8c2 <printchar+0x40>
 88a:	4118                	lw	a4,0(a0)
 88c:	87aa                	mv	a5,a0
 88e:	c305                	beqz	a4,8ae <printchar+0x2c>
 890:	4158                	lw	a4,4(a0)
 892:	557d                	li	a0,-1
 894:	cb11                	beqz	a4,8a8 <printchar+0x26>
 896:	4685                	li	a3,1
 898:	00d71b63          	bne	a4,a3,8ae <printchar+0x2c>
 89c:	4798                	lw	a4,8(a5)
 89e:	00070023          	sb	zero,0(a4)
 8a2:	0007a223          	sw	zero,4(a5)
 8a6:	4505                	li	a0,1
 8a8:	40b2                	lw	ra,12(sp)
 8aa:	0141                	addi	sp,sp,16
 8ac:	8082                	ret
 8ae:	4798                	lw	a4,8(a5)
 8b0:	4682                	lw	a3,0(sp)
 8b2:	a314                	sb	a3,0(a4)
 8b4:	4798                	lw	a4,8(a5)
 8b6:	0705                	addi	a4,a4,1
 8b8:	c798                	sw	a4,8(a5)
 8ba:	43d8                	lw	a4,4(a5)
 8bc:	177d                	addi	a4,a4,-1
 8be:	c3d8                	sw	a4,4(a5)
 8c0:	b7dd                	j	8a6 <printchar+0x24>
 8c2:	4605                	li	a2,1
 8c4:	858a                	mv	a1,sp
 8c6:	37a9                	jal	810 <_write>
 8c8:	bff9                	j	8a6 <printchar+0x24>

000008ca <prints>:
 8ca:	1101                	addi	sp,sp,-32
 8cc:	cc22                	sw	s0,24(sp)
 8ce:	c22e                	sw	a1,4(sp)
 8d0:	ce06                	sw	ra,28(sp)
 8d2:	ca26                	sw	s1,20(sp)
 8d4:	842a                	mv	s0,a0
 8d6:	4781                	li	a5,0
 8d8:	02000593          	li	a1,32
 8dc:	02064563          	bltz	a2,906 <prints+0x3c>
 8e0:	4592                	lw	a1,4(sp)
 8e2:	95be                	add	a1,a1,a5
 8e4:	00058583          	lb	a1,0(a1)
 8e8:	e58d                	bnez	a1,912 <prints+0x48>
 8ea:	02c7d863          	bge	a5,a2,91a <prints+0x50>
 8ee:	02e7d463          	bge	a5,a4,916 <prints+0x4c>
 8f2:	8e19                	sub	a2,a2,a4
 8f4:	02000513          	li	a0,32
 8f8:	0026f593          	andi	a1,a3,2
 8fc:	c02a                	sw	a0,0(sp)
 8fe:	c589                	beqz	a1,908 <prints+0x3e>
 900:	e701                	bnez	a4,908 <prints+0x3e>
 902:	03000593          	li	a1,48
 906:	c02e                	sw	a1,0(sp)
 908:	8a85                	andi	a3,a3,1
 90a:	4481                	li	s1,0
 90c:	ea95                	bnez	a3,940 <prints+0x76>
 90e:	84b2                	mv	s1,a2
 910:	a00d                	j	932 <prints+0x68>
 912:	0785                	addi	a5,a5,1
 914:	b7f1                	j	8e0 <prints+0x16>
 916:	8e1d                	sub	a2,a2,a5
 918:	bff1                	j	8f4 <prints+0x2a>
 91a:	4601                	li	a2,0
 91c:	bfe1                	j	8f4 <prints+0x2a>
 91e:	4582                	lw	a1,0(sp)
 920:	8522                	mv	a0,s0
 922:	c83a                	sw	a4,16(sp)
 924:	c632                	sw	a2,12(sp)
 926:	c43e                	sw	a5,8(sp)
 928:	3fa9                	jal	882 <printchar>
 92a:	47a2                	lw	a5,8(sp)
 92c:	4632                	lw	a2,12(sp)
 92e:	4742                	lw	a4,16(sp)
 930:	14fd                	addi	s1,s1,-1
 932:	fe9046e3          	bgtz	s1,91e <prints+0x54>
 936:	84b2                	mv	s1,a2
 938:	00065363          	bgez	a2,93e <prints+0x74>
 93c:	4481                	li	s1,0
 93e:	8e05                	sub	a2,a2,s1
 940:	02e7c763          	blt	a5,a4,96e <prints+0xa4>
 944:	87a6                	mv	a5,s1
 946:	4692                	lw	a3,4(sp)
 948:	40978733          	sub	a4,a5,s1
 94c:	9736                	add	a4,a4,a3
 94e:	00070583          	lb	a1,0(a4)
 952:	ed95                	bnez	a1,98e <prints+0xc4>
 954:	84b2                	mv	s1,a2
 956:	04904463          	bgtz	s1,99e <prints+0xd4>
 95a:	00065363          	bgez	a2,960 <prints+0x96>
 95e:	4601                	li	a2,0
 960:	40f2                	lw	ra,28(sp)
 962:	4462                	lw	s0,24(sp)
 964:	44d2                	lw	s1,20(sp)
 966:	00f60533          	add	a0,a2,a5
 96a:	6105                	addi	sp,sp,32
 96c:	8082                	ret
 96e:	8f1d                	sub	a4,a4,a5
 970:	87ba                	mv	a5,a4
 972:	03000593          	li	a1,48
 976:	8522                	mv	a0,s0
 978:	c832                	sw	a2,16(sp)
 97a:	c63e                	sw	a5,12(sp)
 97c:	c43a                	sw	a4,8(sp)
 97e:	3711                	jal	882 <printchar>
 980:	47b2                	lw	a5,12(sp)
 982:	4722                	lw	a4,8(sp)
 984:	4642                	lw	a2,16(sp)
 986:	17fd                	addi	a5,a5,-1
 988:	f7ed                	bnez	a5,972 <prints+0xa8>
 98a:	94ba                	add	s1,s1,a4
 98c:	bf65                	j	944 <prints+0x7a>
 98e:	8522                	mv	a0,s0
 990:	c632                	sw	a2,12(sp)
 992:	c43e                	sw	a5,8(sp)
 994:	35fd                	jal	882 <printchar>
 996:	47a2                	lw	a5,8(sp)
 998:	4632                	lw	a2,12(sp)
 99a:	0785                	addi	a5,a5,1
 99c:	b76d                	j	946 <prints+0x7c>
 99e:	4582                	lw	a1,0(sp)
 9a0:	8522                	mv	a0,s0
 9a2:	c432                	sw	a2,8(sp)
 9a4:	c23e                	sw	a5,4(sp)
 9a6:	3df1                	jal	882 <printchar>
 9a8:	14fd                	addi	s1,s1,-1
 9aa:	4622                	lw	a2,8(sp)
 9ac:	4792                	lw	a5,4(sp)
 9ae:	b765                	j	956 <prints+0x8c>

000009b0 <printInt>:
 9b0:	7139                	addi	sp,sp,-64
 9b2:	de06                	sw	ra,60(sp)
 9b4:	dc22                	sw	s0,56(sp)
 9b6:	da26                	sw	s1,52(sp)
 9b8:	c23e                	sw	a5,4(sp)
 9ba:	8332                	mv	t1,a2
 9bc:	863a                	mv	a2,a4
 9be:	ed89                	bnez	a1,9d8 <printInt+0x28>
 9c0:	4692                	lw	a3,4(sp)
 9c2:	03000793          	li	a5,48
 9c6:	4701                	li	a4,0
 9c8:	086c                	addi	a1,sp,28
 9ca:	86fc                	sh	a5,28(sp)
 9cc:	3dfd                	jal	8ca <prints>
 9ce:	50f2                	lw	ra,60(sp)
 9d0:	5462                	lw	s0,56(sp)
 9d2:	54d2                	lw	s1,52(sp)
 9d4:	6121                	addi	sp,sp,64
 9d6:	8082                	ret
 9d8:	84aa                	mv	s1,a0
 9da:	8436                	mv	s0,a3
 9dc:	87ae                	mv	a5,a1
 9de:	ca91                	beqz	a3,9f2 <printInt+0x42>
 9e0:	4729                	li	a4,10
 9e2:	4401                	li	s0,0
 9e4:	00e31763          	bne	t1,a4,9f2 <printInt+0x42>
 9e8:	0005d563          	bgez	a1,9f2 <printInt+0x42>
 9ec:	40b007b3          	neg	a5,a1
 9f0:	4405                	li	s0,1
 9f2:	4686                	lw	a3,64(sp)
 9f4:	020109a3          	sb	zero,51(sp)
 9f8:	03310713          	addi	a4,sp,51
 9fc:	fc668693          	addi	a3,a3,-58 # 40020fc6 <__global_pointer$+0x20020726>
 a00:	c436                	sw	a3,8(sp)
 a02:	859a                	mv	a1,t1
 a04:	853e                	mv	a0,a5
 a06:	ca32                	sw	a2,20(sp)
 a08:	c83a                	sw	a4,16(sp)
 a0a:	c61a                	sw	t1,12(sp)
 a0c:	c03e                	sw	a5,0(sp)
 a0e:	ef2ff0ef          	jal	ra,100 <__umodsi3>
 a12:	46a5                	li	a3,9
 a14:	4782                	lw	a5,0(sp)
 a16:	4332                	lw	t1,12(sp)
 a18:	4742                	lw	a4,16(sp)
 a1a:	4652                	lw	a2,20(sp)
 a1c:	00a6d463          	bge	a3,a0,a24 <printInt+0x74>
 a20:	46a2                	lw	a3,8(sp)
 a22:	9536                	add	a0,a0,a3
 a24:	03050513          	addi	a0,a0,48
 a28:	fff70693          	addi	a3,a4,-1
 a2c:	fea70fa3          	sb	a0,-1(a4)
 a30:	859a                	mv	a1,t1
 a32:	853e                	mv	a0,a5
 a34:	cc32                	sw	a2,24(sp)
 a36:	ca3a                	sw	a4,20(sp)
 a38:	c81a                	sw	t1,16(sp)
 a3a:	c63e                	sw	a5,12(sp)
 a3c:	c036                	sw	a3,0(sp)
 a3e:	e96ff0ef          	jal	ra,d4 <__udivsi3>
 a42:	47b2                	lw	a5,12(sp)
 a44:	4342                	lw	t1,16(sp)
 a46:	4752                	lw	a4,20(sp)
 a48:	4662                	lw	a2,24(sp)
 a4a:	0467f963          	bgeu	a5,t1,a9c <printInt+0xec>
 a4e:	cc01                	beqz	s0,a66 <printInt+0xb6>
 a50:	ca29                	beqz	a2,aa2 <printInt+0xf2>
 a52:	4792                	lw	a5,4(sp)
 a54:	8b89                	andi	a5,a5,2
 a56:	c7b1                	beqz	a5,aa2 <printInt+0xf2>
 a58:	02d00593          	li	a1,45
 a5c:	8526                	mv	a0,s1
 a5e:	c432                	sw	a2,8(sp)
 a60:	350d                	jal	882 <printchar>
 a62:	4622                	lw	a2,8(sp)
 a64:	167d                	addi	a2,a2,-1
 a66:	4792                	lw	a5,4(sp)
 a68:	8b91                	andi	a5,a5,4
 a6a:	c395                	beqz	a5,a8e <printInt+0xde>
 a6c:	4706                	lw	a4,64(sp)
 a6e:	06100793          	li	a5,97
 a72:	c432                	sw	a2,8(sp)
 a74:	03000593          	li	a1,48
 a78:	8526                	mv	a0,s1
 a7a:	02f71e63          	bne	a4,a5,ab6 <printInt+0x106>
 a7e:	3511                	jal	882 <printchar>
 a80:	07800593          	li	a1,120
 a84:	8526                	mv	a0,s1
 a86:	3bf5                	jal	882 <printchar>
 a88:	4622                	lw	a2,8(sp)
 a8a:	0409                	addi	s0,s0,2
 a8c:	1679                	addi	a2,a2,-2
 a8e:	4716                	lw	a4,68(sp)
 a90:	4692                	lw	a3,4(sp)
 a92:	4582                	lw	a1,0(sp)
 a94:	8526                	mv	a0,s1
 a96:	3d15                	jal	8ca <prints>
 a98:	9522                	add	a0,a0,s0
 a9a:	bf15                	j	9ce <printInt+0x1e>
 a9c:	87aa                	mv	a5,a0
 a9e:	4702                	lw	a4,0(sp)
 aa0:	b78d                	j	a02 <printInt+0x52>
 aa2:	4682                	lw	a3,0(sp)
 aa4:	02d00793          	li	a5,45
 aa8:	4401                	li	s0,0
 aaa:	fef68fa3          	sb	a5,-1(a3)
 aae:	ffe70793          	addi	a5,a4,-2
 ab2:	c03e                	sw	a5,0(sp)
 ab4:	bf4d                	j	a66 <printInt+0xb6>
 ab6:	33f1                	jal	882 <printchar>
 ab8:	05800593          	li	a1,88
 abc:	b7e1                	j	a84 <printInt+0xd4>

00000abe <printLongLongInt>:
 abe:	4501                	li	a0,0
 ac0:	8082                	ret

00000ac2 <printDouble>:
 ac2:	4501                	li	a0,0
 ac4:	8082                	ret

00000ac6 <print>:
 ac6:	fd810113          	addi	sp,sp,-40
 aca:	d022                	sw	s0,32(sp)
 acc:	ce26                	sw	s1,28(sp)
 ace:	d206                	sw	ra,36(sp)
 ad0:	c42a                	sw	a0,8(sp)
 ad2:	82ae                	mv	t0,a1
 ad4:	8432                	mv	s0,a2
 ad6:	c602                	sw	zero,12(sp)
 ad8:	4481                	li	s1,0
 ada:	00028583          	lb	a1,0(t0)
 ade:	ed89                	bnez	a1,af8 <print+0x32>
 ae0:	47a2                	lw	a5,8(sp)
 ae2:	c781                	beqz	a5,aea <print+0x24>
 ae4:	4581                	li	a1,0
 ae6:	853e                	mv	a0,a5
 ae8:	3b69                	jal	882 <printchar>
 aea:	5092                	lw	ra,36(sp)
 aec:	5402                	lw	s0,32(sp)
 aee:	8526                	mv	a0,s1
 af0:	44f2                	lw	s1,28(sp)
 af2:	02810113          	addi	sp,sp,40
 af6:	8082                	ret
 af8:	02500793          	li	a5,37
 afc:	00f58863          	beq	a1,a5,b0c <print+0x46>
 b00:	4522                	lw	a0,8(sp)
 b02:	c816                	sw	t0,16(sp)
 b04:	0485                	addi	s1,s1,1
 b06:	3bb5                	jal	882 <printchar>
 b08:	42c2                	lw	t0,16(sp)
 b0a:	a839                	j	b28 <print+0x62>
 b0c:	00128783          	lb	a5,1(t0)
 b10:	00128713          	addi	a4,t0,1
 b14:	00b79c63          	bne	a5,a1,b2c <print+0x66>
 b18:	4522                	lw	a0,8(sp)
 b1a:	02500593          	li	a1,37
 b1e:	c83a                	sw	a4,16(sp)
 b20:	338d                	jal	882 <printchar>
 b22:	4742                	lw	a4,16(sp)
 b24:	0485                	addi	s1,s1,1
 b26:	82ba                	mv	t0,a4
 b28:	0285                	addi	t0,t0,1
 b2a:	bf45                	j	ada <print+0x14>
 b2c:	dbd5                	beqz	a5,ae0 <print+0x1a>
 b2e:	02b00693          	li	a3,43
 b32:	04d78963          	beq	a5,a3,b84 <print+0xbe>
 b36:	00f6c863          	blt	a3,a5,b46 <print+0x80>
 b3a:	02300693          	li	a3,35
 b3e:	04d78663          	beq	a5,a3,b8a <print+0xc4>
 b42:	4781                	li	a5,0
 b44:	a005                	j	b64 <print+0x9e>
 b46:	02d00693          	li	a3,45
 b4a:	00d78a63          	beq	a5,a3,b5e <print+0x98>
 b4e:	03000693          	li	a3,48
 b52:	fed798e3          	bne	a5,a3,b42 <print+0x7c>
 b56:	00228713          	addi	a4,t0,2
 b5a:	4789                	li	a5,2
 b5c:	a021                	j	b64 <print+0x9e>
 b5e:	00228713          	addi	a4,t0,2
 b62:	4785                	li	a5,1
 b64:	00070683          	lb	a3,0(a4)
 b68:	02b00613          	li	a2,43
 b6c:	04c68363          	beq	a3,a2,bb2 <print+0xec>
 b70:	02d64163          	blt	a2,a3,b92 <print+0xcc>
 b74:	02300613          	li	a2,35
 b78:	02c68b63          	beq	a3,a2,bae <print+0xe8>
 b7c:	82ba                	mv	t0,a4
 b7e:	4501                	li	a0,0
 b80:	46a5                	li	a3,9
 b82:	a081                	j	bc2 <print+0xfc>
 b84:	00228713          	addi	a4,t0,2
 b88:	bf6d                	j	b42 <print+0x7c>
 b8a:	00228713          	addi	a4,t0,2
 b8e:	4791                	li	a5,4
 b90:	bfd1                	j	b64 <print+0x9e>
 b92:	02d00613          	li	a2,45
 b96:	00c68963          	beq	a3,a2,ba8 <print+0xe2>
 b9a:	03000613          	li	a2,48
 b9e:	fcc69fe3          	bne	a3,a2,b7c <print+0xb6>
 ba2:	0027e793          	ori	a5,a5,2
 ba6:	a031                	j	bb2 <print+0xec>
 ba8:	0705                	addi	a4,a4,1
 baa:	4785                	li	a5,1
 bac:	bfc1                	j	b7c <print+0xb6>
 bae:	0047e793          	ori	a5,a5,4
 bb2:	0705                	addi	a4,a4,1
 bb4:	b7e1                	j	b7c <print+0xb6>
 bb6:	00251613          	slli	a2,a0,0x2
 bba:	9532                	add	a0,a0,a2
 bbc:	0506                	slli	a0,a0,0x1
 bbe:	953a                	add	a0,a0,a4
 bc0:	0285                	addi	t0,t0,1
 bc2:	00028603          	lb	a2,0(t0)
 bc6:	fd060713          	addi	a4,a2,-48
 bca:	0ff77593          	andi	a1,a4,255
 bce:	feb6f4e3          	bgeu	a3,a1,bb6 <print+0xf0>
 bd2:	02e00713          	li	a4,46
 bd6:	4699                	li	a3,6
 bd8:	00e61e63          	bne	a2,a4,bf4 <print+0x12e>
 bdc:	0285                	addi	t0,t0,1
 bde:	4681                	li	a3,0
 be0:	45a5                	li	a1,9
 be2:	00028603          	lb	a2,0(t0)
 be6:	fd060613          	addi	a2,a2,-48
 bea:	0ff67713          	andi	a4,a2,255
 bee:	02e5f563          	bgeu	a1,a4,c18 <print+0x152>
 bf2:	c636                	sw	a3,12(sp)
 bf4:	00028703          	lb	a4,0(t0)
 bf8:	06a00613          	li	a2,106
 bfc:	0ac70d63          	beq	a4,a2,cb6 <print+0x1f0>
 c00:	02e64363          	blt	a2,a4,c26 <print+0x160>
 c04:	04c00613          	li	a2,76
 c08:	0ac70763          	beq	a4,a2,cb6 <print+0x1f0>
 c0c:	06800613          	li	a2,104
 c10:	08c70c63          	beq	a4,a2,ca8 <print+0x1e2>
 c14:	4581                	li	a1,0
 c16:	a82d                	j	c50 <print+0x18a>
 c18:	00269713          	slli	a4,a3,0x2
 c1c:	96ba                	add	a3,a3,a4
 c1e:	0686                	slli	a3,a3,0x1
 c20:	96b2                	add	a3,a3,a2
 c22:	0285                	addi	t0,t0,1
 c24:	bf7d                	j	be2 <print+0x11c>
 c26:	07400613          	li	a2,116
 c2a:	08c70663          	beq	a4,a2,cb6 <print+0x1f0>
 c2e:	07a00613          	li	a2,122
 c32:	08c70263          	beq	a4,a2,cb6 <print+0x1f0>
 c36:	06c00613          	li	a2,108
 c3a:	4581                	li	a1,0
 c3c:	00c71a63          	bne	a4,a2,c50 <print+0x18a>
 c40:	00128603          	lb	a2,1(t0)
 c44:	458d                	li	a1,3
 c46:	00e61463          	bne	a2,a4,c4e <print+0x188>
 c4a:	0285                	addi	t0,t0,1
 c4c:	4591                	li	a1,4
 c4e:	0285                	addi	t0,t0,1
 c50:	00028603          	lb	a2,0(t0)
 c54:	06000393          	li	t2,96
 c58:	06100713          	li	a4,97
 c5c:	00c3c463          	blt	t2,a2,c64 <print+0x19e>
 c60:	04100713          	li	a4,65
 c64:	06700393          	li	t2,103
 c68:	06c3c463          	blt	t2,a2,cd0 <print+0x20a>
 c6c:	06500393          	li	t2,101
 c70:	18765363          	bge	a2,t2,df6 <print+0x330>
 c74:	04700393          	li	t2,71
 c78:	04c3c163          	blt	t2,a2,cba <print+0x1f4>
 c7c:	04500593          	li	a1,69
 c80:	16b65b63          	bge	a2,a1,df6 <print+0x330>
 c84:	04300713          	li	a4,67
 c88:	eae610e3          	bne	a2,a4,b28 <print+0x62>
 c8c:	4018                	lw	a4,0(s0)
 c8e:	00440393          	addi	t2,s0,4
 c92:	ca16                	sw	t0,20(sp)
 c94:	00e10c23          	sb	a4,24(sp)
 c98:	c81e                	sw	t2,16(sp)
 c9a:	00010ca3          	sb	zero,25(sp)
 c9e:	4701                	li	a4,0
 ca0:	86be                	mv	a3,a5
 ca2:	862a                	mv	a2,a0
 ca4:	082c                	addi	a1,sp,24
 ca6:	a849                	j	d38 <print+0x272>
 ca8:	00128603          	lb	a2,1(t0)
 cac:	4581                	li	a1,0
 cae:	fae611e3          	bne	a2,a4,c50 <print+0x18a>
 cb2:	0289                	addi	t0,t0,2
 cb4:	bf71                	j	c50 <print+0x18a>
 cb6:	0285                	addi	t0,t0,1
 cb8:	bfb1                	j	c14 <print+0x14e>
 cba:	06300693          	li	a3,99
 cbe:	fcd607e3          	beq	a2,a3,c8c <print+0x1c6>
 cc2:	06c6ce63          	blt	a3,a2,d3e <print+0x278>
 cc6:	05800693          	li	a3,88
 cca:	02d60363          	beq	a2,a3,cf0 <print+0x22a>
 cce:	bda9                	j	b28 <print+0x62>
 cd0:	07300693          	li	a3,115
 cd4:	04d60463          	beq	a2,a3,d1c <print+0x256>
 cd8:	02c6cb63          	blt	a3,a2,d0e <print+0x248>
 cdc:	06f00693          	li	a3,111
 ce0:	0ed60263          	beq	a2,a3,dc4 <print+0x2fe>
 ce4:	07000693          	li	a3,112
 ce8:	0047e793          	ori	a5,a5,4
 cec:	e2d61ee3          	bne	a2,a3,b28 <print+0x62>
 cf0:	4691                	li	a3,4
 cf2:	0ad59f63          	bne	a1,a3,db0 <print+0x2ea>
 cf6:	00840393          	addi	t2,s0,8
 cfa:	400c                	lw	a1,0(s0)
 cfc:	4050                	lw	a2,4(s0)
 cfe:	ca16                	sw	t0,20(sp)
 d00:	c23a                	sw	a4,4(sp)
 d02:	c03e                	sw	a5,0(sp)
 d04:	c81e                	sw	t2,16(sp)
 d06:	87aa                	mv	a5,a0
 d08:	4701                	li	a4,0
 d0a:	46c1                	li	a3,16
 d0c:	a0b9                	j	d5a <print+0x294>
 d0e:	07500693          	li	a3,117
 d12:	06d60863          	beq	a2,a3,d82 <print+0x2bc>
 d16:	07800693          	li	a3,120
 d1a:	bf45                	j	cca <print+0x204>
 d1c:	4018                	lw	a4,0(s0)
 d1e:	000016b7          	lui	a3,0x1
 d22:	00440393          	addi	t2,s0,4
 d26:	f8c68593          	addi	a1,a3,-116 # f8c <__malloc_unlock+0x2c>
 d2a:	c311                	beqz	a4,d2e <print+0x268>
 d2c:	85ba                	mv	a1,a4
 d2e:	4732                	lw	a4,12(sp)
 d30:	ca16                	sw	t0,20(sp)
 d32:	c81e                	sw	t2,16(sp)
 d34:	86be                	mv	a3,a5
 d36:	862a                	mv	a2,a0
 d38:	4522                	lw	a0,8(sp)
 d3a:	3e41                	jal	8ca <prints>
 d3c:	a00d                	j	d5e <print+0x298>
 d3e:	4691                	li	a3,4
 d40:	02d59463          	bne	a1,a3,d68 <print+0x2a2>
 d44:	00840393          	addi	t2,s0,8
 d48:	400c                	lw	a1,0(s0)
 d4a:	4050                	lw	a2,4(s0)
 d4c:	ca16                	sw	t0,20(sp)
 d4e:	c23a                	sw	a4,4(sp)
 d50:	c03e                	sw	a5,0(sp)
 d52:	c81e                	sw	t2,16(sp)
 d54:	87aa                	mv	a5,a0
 d56:	4705                	li	a4,1
 d58:	46a9                	li	a3,10
 d5a:	4522                	lw	a0,8(sp)
 d5c:	338d                	jal	abe <printLongLongInt>
 d5e:	43c2                	lw	t2,16(sp)
 d60:	94aa                	add	s1,s1,a0
 d62:	841e                	mv	s0,t2
 d64:	42d2                	lw	t0,20(sp)
 d66:	b3c9                	j	b28 <print+0x62>
 d68:	46b2                	lw	a3,12(sp)
 d6a:	400c                	lw	a1,0(s0)
 d6c:	c816                	sw	t0,16(sp)
 d6e:	c236                	sw	a3,4(sp)
 d70:	c03a                	sw	a4,0(sp)
 d72:	0411                	addi	s0,s0,4
 d74:	872a                	mv	a4,a0
 d76:	4685                	li	a3,1
 d78:	4629                	li	a2,10
 d7a:	4522                	lw	a0,8(sp)
 d7c:	3915                	jal	9b0 <printInt>
 d7e:	94aa                	add	s1,s1,a0
 d80:	b361                	j	b08 <print+0x42>
 d82:	4691                	li	a3,4
 d84:	00d59d63          	bne	a1,a3,d9e <print+0x2d8>
 d88:	00840393          	addi	t2,s0,8
 d8c:	400c                	lw	a1,0(s0)
 d8e:	4050                	lw	a2,4(s0)
 d90:	ca16                	sw	t0,20(sp)
 d92:	c23a                	sw	a4,4(sp)
 d94:	c03e                	sw	a5,0(sp)
 d96:	c81e                	sw	t2,16(sp)
 d98:	87aa                	mv	a5,a0
 d9a:	4701                	li	a4,0
 d9c:	bf75                	j	d58 <print+0x292>
 d9e:	46b2                	lw	a3,12(sp)
 da0:	400c                	lw	a1,0(s0)
 da2:	c816                	sw	t0,16(sp)
 da4:	c236                	sw	a3,4(sp)
 da6:	c03a                	sw	a4,0(sp)
 da8:	0411                	addi	s0,s0,4
 daa:	872a                	mv	a4,a0
 dac:	4681                	li	a3,0
 dae:	b7e9                	j	d78 <print+0x2b2>
 db0:	46b2                	lw	a3,12(sp)
 db2:	c816                	sw	t0,16(sp)
 db4:	400c                	lw	a1,0(s0)
 db6:	4641                	li	a2,16
 db8:	c236                	sw	a3,4(sp)
 dba:	c03a                	sw	a4,0(sp)
 dbc:	0411                	addi	s0,s0,4
 dbe:	872a                	mv	a4,a0
 dc0:	4681                	li	a3,0
 dc2:	bf65                	j	d7a <print+0x2b4>
 dc4:	4691                	li	a3,4
 dc6:	00d59e63          	bne	a1,a3,de2 <print+0x31c>
 dca:	00840393          	addi	t2,s0,8
 dce:	400c                	lw	a1,0(s0)
 dd0:	4050                	lw	a2,4(s0)
 dd2:	ca16                	sw	t0,20(sp)
 dd4:	c23a                	sw	a4,4(sp)
 dd6:	c03e                	sw	a5,0(sp)
 dd8:	c81e                	sw	t2,16(sp)
 dda:	87aa                	mv	a5,a0
 ddc:	4701                	li	a4,0
 dde:	46a1                	li	a3,8
 de0:	bfad                	j	d5a <print+0x294>
 de2:	46b2                	lw	a3,12(sp)
 de4:	400c                	lw	a1,0(s0)
 de6:	c816                	sw	t0,16(sp)
 de8:	c236                	sw	a3,4(sp)
 dea:	c03a                	sw	a4,0(sp)
 dec:	0411                	addi	s0,s0,4
 dee:	872a                	mv	a4,a0
 df0:	4681                	li	a3,0
 df2:	4621                	li	a2,8
 df4:	b759                	j	d7a <print+0x2b4>
 df6:	400c                	lw	a1,0(s0)
 df8:	00840613          	addi	a2,s0,8
 dfc:	4040                	lw	s0,4(s0)
 dfe:	c23a                	sw	a4,4(sp)
 e00:	872a                	mv	a4,a0
 e02:	4522                	lw	a0,8(sp)
 e04:	c832                	sw	a2,16(sp)
 e06:	c03e                	sw	a5,0(sp)
 e08:	8622                	mv	a2,s0
 e0a:	87b6                	mv	a5,a3
 e0c:	46a9                	li	a3,10
 e0e:	ca16                	sw	t0,20(sp)
 e10:	394d                	jal	ac2 <printDouble>
 e12:	94aa                	add	s1,s1,a0
 e14:	4442                	lw	s0,16(sp)
 e16:	b7b9                	j	d64 <print+0x29e>

00000e18 <printf>:
 e18:	fdc10113          	addi	sp,sp,-36
 e1c:	c82e                	sw	a1,16(sp)
 e1e:	ca32                	sw	a2,20(sp)
 e20:	85aa                	mv	a1,a0
 e22:	0810                	addi	a2,sp,16
 e24:	4501                	li	a0,0
 e26:	c606                	sw	ra,12(sp)
 e28:	cc36                	sw	a3,24(sp)
 e2a:	ce3a                	sw	a4,28(sp)
 e2c:	d03e                	sw	a5,32(sp)
 e2e:	c032                	sw	a2,0(sp)
 e30:	3959                	jal	ac6 <print>
 e32:	40b2                	lw	ra,12(sp)
 e34:	02410113          	addi	sp,sp,36
 e38:	8082                	ret

00000e3a <putchar>:
 e3a:	1141                	addi	sp,sp,-16
 e3c:	c02a                	sw	a0,0(sp)
 e3e:	858a                	mv	a1,sp
 e40:	4605                	li	a2,1
 e42:	4501                	li	a0,0
 e44:	c606                	sw	ra,12(sp)
 e46:	9cbff0ef          	jal	ra,810 <_write>
 e4a:	40b2                	lw	ra,12(sp)
 e4c:	4505                	li	a0,1
 e4e:	0141                	addi	sp,sp,16
 e50:	8082                	ret

00000e52 <malloc>:
 e52:	1ffff797          	auipc	a5,0x1ffff
 e56:	24e78793          	addi	a5,a5,590 # 200000a0 <_impure_ptr>
 e5a:	85aa                	mv	a1,a0
 e5c:	4388                	lw	a0,0(a5)
 e5e:	a009                	j	e60 <_malloc_r>

00000e60 <_malloc_r>:
 e60:	1141                	addi	sp,sp,-16
 e62:	c226                	sw	s1,4(sp)
 e64:	00358493          	addi	s1,a1,3
 e68:	98f1                	andi	s1,s1,-4
 e6a:	c606                	sw	ra,12(sp)
 e6c:	c422                	sw	s0,8(sp)
 e6e:	04a1                	addi	s1,s1,8
 e70:	47b1                	li	a5,12
 e72:	04f4f563          	bgeu	s1,a5,ebc <_malloc_r+0x5c>
 e76:	44b1                	li	s1,12
 e78:	04b4e463          	bltu	s1,a1,ec0 <_malloc_r+0x60>
 e7c:	c02a                	sw	a0,0(sp)
 e7e:	20c5                	jal	f5e <__malloc_lock>
 e80:	80818713          	addi	a4,gp,-2040 # 200000a8 <_edata>
 e84:	4314                	lw	a3,0(a4)
 e86:	4782                	lw	a5,0(sp)
 e88:	8436                	mv	s0,a3
 e8a:	e039                	bnez	s0,ed0 <_malloc_r+0x70>
 e8c:	80c18713          	addi	a4,gp,-2036 # 200000ac <__malloc_sbrk_start>
 e90:	4318                	lw	a4,0(a4)
 e92:	eb01                	bnez	a4,ea2 <_malloc_r+0x42>
 e94:	853e                	mv	a0,a5
 e96:	4581                	li	a1,0
 e98:	c03e                	sw	a5,0(sp)
 e9a:	2869                	jal	f34 <_sbrk_r>
 e9c:	80a1a623          	sw	a0,-2036(gp) # 200000ac <__malloc_sbrk_start>
 ea0:	4782                	lw	a5,0(sp)
 ea2:	853e                	mv	a0,a5
 ea4:	85a6                	mv	a1,s1
 ea6:	c03e                	sw	a5,0(sp)
 ea8:	2071                	jal	f34 <_sbrk_r>
 eaa:	577d                	li	a4,-1
 eac:	4782                	lw	a5,0(sp)
 eae:	06e51463          	bne	a0,a4,f16 <_malloc_r+0xb6>
 eb2:	4731                	li	a4,12
 eb4:	c398                	sw	a4,0(a5)
 eb6:	853e                	mv	a0,a5
 eb8:	2065                	jal	f60 <__malloc_unlock>
 eba:	a029                	j	ec4 <_malloc_r+0x64>
 ebc:	fa04dee3          	bgez	s1,e78 <_malloc_r+0x18>
 ec0:	47b1                	li	a5,12
 ec2:	c11c                	sw	a5,0(a0)
 ec4:	4501                	li	a0,0
 ec6:	40b2                	lw	ra,12(sp)
 ec8:	4422                	lw	s0,8(sp)
 eca:	4492                	lw	s1,4(sp)
 ecc:	0141                	addi	sp,sp,16
 ece:	8082                	ret
 ed0:	4018                	lw	a4,0(s0)
 ed2:	8f05                	sub	a4,a4,s1
 ed4:	02074e63          	bltz	a4,f10 <_malloc_r+0xb0>
 ed8:	462d                	li	a2,11
 eda:	00e67663          	bgeu	a2,a4,ee6 <_malloc_r+0x86>
 ede:	c018                	sw	a4,0(s0)
 ee0:	943a                	add	s0,s0,a4
 ee2:	c004                	sw	s1,0(s0)
 ee4:	a031                	j	ef0 <_malloc_r+0x90>
 ee6:	4058                	lw	a4,4(s0)
 ee8:	02869263          	bne	a3,s0,f0c <_malloc_r+0xac>
 eec:	80e1a423          	sw	a4,-2040(gp) # 200000a8 <_edata>
 ef0:	853e                	mv	a0,a5
 ef2:	20bd                	jal	f60 <__malloc_unlock>
 ef4:	00b40513          	addi	a0,s0,11
 ef8:	00440713          	addi	a4,s0,4
 efc:	9961                	andi	a0,a0,-8
 efe:	40e507b3          	sub	a5,a0,a4
 f02:	d3f1                	beqz	a5,ec6 <_malloc_r+0x66>
 f04:	943e                	add	s0,s0,a5
 f06:	8f09                	sub	a4,a4,a0
 f08:	c018                	sw	a4,0(s0)
 f0a:	bf75                	j	ec6 <_malloc_r+0x66>
 f0c:	c2d8                	sw	a4,4(a3)
 f0e:	b7cd                	j	ef0 <_malloc_r+0x90>
 f10:	86a2                	mv	a3,s0
 f12:	4040                	lw	s0,4(s0)
 f14:	bf9d                	j	e8a <_malloc_r+0x2a>
 f16:	00350413          	addi	s0,a0,3
 f1a:	9871                	andi	s0,s0,-4
 f1c:	fc8503e3          	beq	a0,s0,ee2 <_malloc_r+0x82>
 f20:	40a405b3          	sub	a1,s0,a0
 f24:	853e                	mv	a0,a5
 f26:	c03e                	sw	a5,0(sp)
 f28:	2031                	jal	f34 <_sbrk_r>
 f2a:	577d                	li	a4,-1
 f2c:	4782                	lw	a5,0(sp)
 f2e:	fae51ae3          	bne	a0,a4,ee2 <_malloc_r+0x82>
 f32:	b741                	j	eb2 <_malloc_r+0x52>

00000f34 <_sbrk_r>:
 f34:	1151                	addi	sp,sp,-12
 f36:	c222                	sw	s0,4(sp)
 f38:	842a                	mv	s0,a0
 f3a:	852e                	mv	a0,a1
 f3c:	8001ac23          	sw	zero,-2024(gp) # 200000b8 <errno>
 f40:	c406                	sw	ra,8(sp)
 f42:	91bff0ef          	jal	ra,85c <_sbrk>
 f46:	57fd                	li	a5,-1
 f48:	00f51763          	bne	a0,a5,f56 <_sbrk_r+0x22>
 f4c:	81818793          	addi	a5,gp,-2024 # 200000b8 <errno>
 f50:	439c                	lw	a5,0(a5)
 f52:	c391                	beqz	a5,f56 <_sbrk_r+0x22>
 f54:	c01c                	sw	a5,0(s0)
 f56:	40a2                	lw	ra,8(sp)
 f58:	4412                	lw	s0,4(sp)
 f5a:	0131                	addi	sp,sp,12
 f5c:	8082                	ret

00000f5e <__malloc_lock>:
 f5e:	8082                	ret

00000f60 <__malloc_unlock>:
 f60:	8082                	ret
 f62:	0000                	unimp
 f64:	6170                	flw	fa2,68(a0)
 f66:	00007373          	csrrci	t1,ustatus,0
 f6a:	0000                	unimp
 f6c:	74737953          	0x74737953
 f70:	6d65                	lui	s10,0x19
 f72:	3a6b6c43          	fmadd.d	fs8,fs6,ft6,ft7,unknown
 f76:	6425                	lui	s0,0x9
 f78:	0a0d                	addi	s4,s4,3
 f7a:	0000                	unimp
 f7c:	70696843          	fmadd.s	fa6,fs2,ft6,fa4,unknown
 f80:	4449                	li	s0,18
 f82:	253a                	lhu	a4,10(a0)
 f84:	3830                	lbu	a2,19(s0)
 f86:	0d78                	addi	a4,sp,668
 f88:	000a                	c.slli	zero,0x2
 f8a:	0000                	unimp
 f8c:	6e28                	flw	fa0,88(a2)
 f8e:	6c75                	lui	s8,0x1d
 f90:	296c                	lbu	a1,22(a0)
	...
